Base path: 'C:/Program Files/Unity/Hub/Editor/2019.4.22f1/Editor/Data', plugins path 'C:/Program Files/Unity/Hub/Editor/2019.4.22f1/Editor/Data/PlaybackEngines'
Cmd: initializeCompiler
Cmd: preprocessCompute
  insize=6422 outsize=6424 ok=1
Cmd: compileComputeKernel
  error: 2 plat 4 at Packages/com.unity.visualeffectgraph/Shaders/VFXCommon.hlsl(75): undeclared identifier 'GetWorldToObjectMatrix'
  api=4 insize=6424 outsize=0 ok=0
Cmd: preprocessCompute
  insize=5729 outsize=5731 ok=1
Cmd: compileComputeKernel
  error: 2 plat 4 at Packages/com.unity.visualeffectgraph/Shaders/VFXCommon.hlsl(75): undeclared identifier 'GetWorldToObjectMatrix'
  api=4 insize=5731 outsize=0 ok=0
Cmd: preprocess
  insize=23045 outsize=468 ok=1
Cmd: preprocessCompute
  insize=1939 outsize=1941 ok=1
Cmd: compileComputeKernel
  error: 2 plat 4 at Packages/com.unity.visualeffectgraph/Shaders/VFXCommon.hlsl(75): undeclared identifier 'GetWorldToObjectMatrix'
  api=4 insize=1941 outsize=0 ok=0
Cmd: compileSnippet
  api=4 type=0 insize=3810 outsize=1490 kw= pd=UNITY_ENABLE_REFLECTION_BUFFERS UNITY_USE_DITHER_MASK_FOR_ALPHABLENDED_SHADOWS UNITY_PBS_USE_BRDF1 UNITY_SPECCUBE_BOX_PROJECTION UNITY_SPECCUBE_BLENDING UNITY_ENABLE_DETAIL_NORMALMAP SHADER_API_DESKTOP UNITY_LIGHT_PROBE_PROXY_VOLUME UNITY_LIGHTMAP_FULL_HDR ok=1
Cmd: compileSnippet
  api=4 type=1 insize=3810 outsize=1502 kw= pd=UNITY_ENABLE_REFLECTION_BUFFERS UNITY_USE_DITHER_MASK_FOR_ALPHABLENDED_SHADOWS UNITY_PBS_USE_BRDF1 UNITY_SPECCUBE_BOX_PROJECTION UNITY_SPECCUBE_BLENDING UNITY_ENABLE_DETAIL_NORMALMAP SHADER_API_DESKTOP UNITY_LIGHT_PROBE_PROXY_VOLUME UNITY_LIGHTMAP_FULL_HDR ok=1
Cmd: compileSnippet
  api=4 type=0 insize=3478 outsize=1358 kw= pd=UNITY_ENABLE_REFLECTION_BUFFERS UNITY_USE_DITHER_MASK_FOR_ALPHABLENDED_SHADOWS UNITY_PBS_USE_BRDF1 UNITY_SPECCUBE_BOX_PROJECTION UNITY_SPECCUBE_BLENDING UNITY_ENABLE_DETAIL_NORMALMAP SHADER_API_DESKTOP UNITY_LIGHT_PROBE_PROXY_VOLUME UNITY_LIGHTMAP_FULL_HDR ok=1
Cmd: compileSnippet
  api=4 type=1 insize=3478 outsize=1046 kw= pd=UNITY_ENABLE_REFLECTION_BUFFERS UNITY_USE_DITHER_MASK_FOR_ALPHABLENDED_SHADOWS UNITY_PBS_USE_BRDF1 UNITY_SPECCUBE_BOX_PROJECTION UNITY_SPECCUBE_BLENDING UNITY_ENABLE_DETAIL_NORMALMAP SHADER_API_DESKTOP UNITY_LIGHT_PROBE_PROXY_VOLUME UNITY_LIGHTMAP_FULL_HDR ok=1
Cmd: preprocessCompute
  insize=6456 outsize=6458 ok=1
Cmd: compileComputeKernel
  error: 2 plat 4 at Packages/com.unity.visualeffectgraph/Shaders/VFXCommon.hlsl(75): undeclared identifier 'GetWorldToObjectMatrix'
  api=4 insize=6458 outsize=0 ok=0
Cmd: preprocessCompute
  insize=5729 outsize=5731 ok=1
Cmd: compileComputeKernel
  error: 2 plat 4 at Packages/com.unity.visualeffectgraph/Shaders/VFXCommon.hlsl(75): undeclared identifier 'GetWorldToObjectMatrix'
  api=4 insize=5731 outsize=0 ok=0
Cmd: preprocess
  insize=23045 outsize=468 ok=1
Cmd: preprocessCompute
  insize=1939 outsize=1941 ok=1
Cmd: compileComputeKernel
  error: 2 plat 4 at Packages/com.unity.visualeffectgraph/Shaders/VFXCommon.hlsl(75): undeclared identifier 'GetWorldToObjectMatrix'
  api=4 insize=1941 outsize=0 ok=0
Cmd: preprocessCompute
  insize=6456 outsize=6458 ok=1
Cmd: compileComputeKernel
  error: 2 plat 4 at Packages/com.unity.visualeffectgraph/Shaders/VFXCommon.hlsl(75): undeclared identifier 'GetWorldToObjectMatrix'
  api=4 insize=6458 outsize=0 ok=0
Cmd: preprocessCompute
  insize=5729 outsize=5731 ok=1
Cmd: compileComputeKernel
  error: 2 plat 4 at Packages/com.unity.visualeffectgraph/Shaders/VFXCommon.hlsl(75): undeclared identifier 'GetWorldToObjectMatrix'
  api=4 insize=5731 outsize=0 ok=0
Cmd: preprocess
  insize=23045 outsize=468 ok=1
Cmd: preprocessCompute
  insize=1939 outsize=1941 ok=1
Cmd: compileComputeKernel
  error: 2 plat 4 at Packages/com.unity.visualeffectgraph/Shaders/VFXCommon.hlsl(75): undeclared identifier 'GetWorldToObjectMatrix'
  api=4 insize=1941 outsize=0 ok=0
